0 info it worked if it ends with ok
1 verbose cli [ 'node',
1 verbose cli   '/Users/masakiayano/.nvm/versions/node/v0.12.7/bin/npm',
1 verbose cli   'start' ]
2 info using npm@3.8.7
3 info using node@v0.12.7
4 verbose stack Error: Failed to parse json
4 verbose stack Unexpected token 'e' at 17:4
4 verbose stack   "engines": {
4 verbose stack    ^
4 verbose stack     at parseError (/Users/masakiayano/.nvm/versions/node/v0.12.7/lib/node_modules/npm/node_modules/read-package-json/read-json.js:379:11)
4 verbose stack     at parseJson (/Users/masakiayano/.nvm/versions/node/v0.12.7/lib/node_modules/npm/node_modules/read-package-json/read-json.js:68:23)
4 verbose stack     at /Users/masakiayano/.nvm/versions/node/v0.12.7/lib/node_modules/npm/node_modules/read-package-json/read-json.js:48:5
4 verbose stack     at /Users/masakiayano/.nvm/versions/node/v0.12.7/lib/node_modules/npm/node_modules/graceful-fs/graceful-fs.js:78:16
4 verbose stack     at fs.js:334:14
4 verbose stack     at /Users/masakiayano/.nvm/versions/node/v0.12.7/lib/node_modules/npm/node_modules/graceful-fs/graceful-fs.js:43:10
4 verbose stack     at FSReqWrap.oncomplete (fs.js:95:15)
5 verbose cwd /Users/masakiayano/Desktop/HteamProject/calcNintendo
6 error Darwin 14.5.0
7 error argv "node" "/Users/masakiayano/.nvm/versions/node/v0.12.7/bin/npm" "start"
8 error node v0.12.7
9 error npm  v3.8.7
10 error file /Users/masakiayano/Desktop/HteamProject/calcNintendo/package.json
11 error code EJSONPARSE
12 error Failed to parse json
12 error Unexpected token 'e' at 17:4
12 error   "engines": {
12 error    ^
13 error File: /Users/masakiayano/Desktop/HteamProject/calcNintendo/package.json
14 error Failed to parse package.json data.
14 error package.json must be actual JSON, not just JavaScript.
14 error
14 error This is not a bug in npm.
14 error Tell the package author to fix their package.json file. JSON.parse
15 verbose exit [ 1, true ]
